c:\users\theunholygod\documents\school\year 2 semester 1\sp3\nyp_framework\common\debug\vc120.pdb
c:\users\theunholygod\documents\school\year 2 semester 1\sp3\nyp_framework\common\debug\vc120.idb
c:\users\theunholygod\documents\school\year 2 semester 1\sp3\nyp_framework\common\debug\graphicsmanager.obj
c:\users\theunholygod\documents\school\year 2 semester 1\sp3\nyp_framework\common\debug\keyboardcontroller.obj
c:\users\theunholygod\documents\school\year 2 semester 1\sp3\nyp_framework\common\debug\lightbase.obj
c:\users\theunholygod\documents\school\year 2 semester 1\sp3\nyp_framework\common\debug\loadobj.obj
c:\users\theunholygod\documents\school\year 2 semester 1\sp3\nyp_framework\common\debug\loadtga.obj
c:\users\theunholygod\documents\school\year 2 semester 1\sp3\nyp_framework\common\debug\mathutility.obj
c:\users\theunholygod\documents\school\year 2 semester 1\sp3\nyp_framework\common\debug\matrixstack.obj
c:\users\theunholygod\documents\school\year 2 semester 1\sp3\nyp_framework\common\debug\mesh.obj
c:\users\theunholygod\documents\school\year 2 semester 1\sp3\nyp_framework\common\debug\meshbuilder.obj
c:\users\theunholygod\documents\school\year 2 semester 1\sp3\nyp_framework\common\debug\meshlist.obj
c:\users\theunholygod\documents\school\year 2 semester 1\sp3\nyp_framework\common\debug\mousecontroller.obj
c:\users\theunholygod\documents\school\year 2 semester 1\sp3\nyp_framework\common\debug\mtx44.obj
c:\users\theunholygod\documents\school\year 2 semester 1\sp3\nyp_framework\common\debug\renderhelper.obj
c:\users\theunholygod\documents\school\year 2 semester 1\sp3\nyp_framework\common\debug\scenemanager.obj
c:\users\theunholygod\documents\school\year 2 semester 1\sp3\nyp_framework\common\debug\shaderprogram.obj
c:\users\theunholygod\documents\school\year 2 semester 1\sp3\nyp_framework\common\debug\timer.obj
c:\users\theunholygod\documents\school\year 2 semester 1\sp3\nyp_framework\common\debug\utility.obj
c:\users\theunholygod\documents\school\year 2 semester 1\sp3\nyp_framework\common\debug\vector2.obj
c:\users\theunholygod\documents\school\year 2 semester 1\sp3\nyp_framework\common\debug\vector3.obj
c:\users\theunholygod\documents\school\year 2 semester 1\sp3\nyp_framework\common\debug\win32input.obj
c:\users\theunholygod\documents\school\year 2 semester 1\sp3\nyp_framework\common\debug\camerabase.obj
c:\users\theunholygod\documents\school\year 2 semester 1\sp3\nyp_framework\common\debug\collider.obj
c:\users\theunholygod\documents\school\year 2 semester 1\sp3\nyp_framework\common\debug\entitybase.obj
c:\users\theunholygod\documents\school\year 2 semester 1\sp3\nyp_framework\common\debug\basedatabase.obj
c:\users\theunholygod\documents\school\year 2 semester 1\sp3\nyp_framework\common\debug\basedatabasehandler.obj
c:\users\theunholygod\documents\school\year 2 semester 1\sp3\nyp_framework\common\debug\loader.obj
c:\users\theunholygod\documents\school\year 2 semester 1\sp3\nyp_framework\debug\common.lib
c:\users\theunholygod\documents\school\year 2 semester 1\sp3\nyp_framework\common\debug\common.tlog\cl.command.1.tlog
c:\users\theunholygod\documents\school\year 2 semester 1\sp3\nyp_framework\common\debug\common.tlog\cl.read.1.tlog
c:\users\theunholygod\documents\school\year 2 semester 1\sp3\nyp_framework\common\debug\common.tlog\cl.write.1.tlog
c:\users\theunholygod\documents\school\year 2 semester 1\sp3\nyp_framework\common\debug\common.tlog\lib-link.read.1.tlog
c:\users\theunholygod\documents\school\year 2 semester 1\sp3\nyp_framework\common\debug\common.tlog\lib-link.write.1.tlog
c:\users\theunholygod\documents\school\year 2 semester 1\sp3\nyp_framework\common\debug\common.tlog\lib.command.1.tlog
